# JRE version: Java(TM) SE Runtime Environment (17.0.8+9) (build 17.0.8+9-LTS-211)
# Java VM: Java HotSpot(TM) 64-Bit Server VM (17.0.8+9-LTS-211, mixed mode, sharing, tiered, compressed oops, compressed class ptrs, g1 gc, windows-amd64)
GC Precious Log:
 CPUs: 6 total, 6 available
 Memory: 7971M
 Large Page Support: Disabled
 NUMA Support: Disabled
 Compressed Oops: Enabled (32-bit)
 Heap Region Size: 1M
 Heap Min Capacity: 8M
 Heap Initial Capacity: 126M
 Heap Max Capacity: 1994M
 Pre-touch: Disabled
 Parallel Workers: 6
 Concurrent Workers: 2
 Concurrent Refinement Workers: 6
 Periodic GC: Disabled
Heap:
 garbage-first heap   total 71680K, used 27538K [0x0000000083600000, 0x0000000100000000)
  region size 1024K, 3 young (3072K), 1 survivors (1024K)
 Metaspace       used 59896K, committed 60416K, reserved 1114112K
  class space    used 8198K, committed 8448K, reserved 1048576K
GC Heap History (20 events):
Event: 1.128 GC heap before
{Heap before GC invocations=1 (full 0):
 garbage-first heap   total 129024K, used 31357K [0x0000000083600000, 0x0000000100000000)
  region size 1024K, 28 young (28672K), 3 survivors (3072K)
 Metaspace       used 11138K, committed 11392K, reserved 1114112K
  class space    used 1345K, committed 1472K, reserved 1048576K
}
Event: 1.133 GC heap after
{Heap after GC invocations=2 (full 0):
 garbage-first heap   total 129024K, used 9063K [0x0000000083600000, 0x0000000100000000)
  region size 1024K, 3 young (3072K), 3 survivors (3072K)
 Metaspace       used 11138K, committed 11392K, reserved 1114112K
  class space    used 1345K, committed 1472K, reserved 1048576K
}
Event: 2.264 GC heap before
{Heap before GC invocations=2 (full 0):
 garbage-first heap   total 129024K, used 68455K [0x0000000083600000, 0x0000000100000000)
  region size 1024K, 63 young (64512K), 3 survivors (3072K)
 Metaspace       used 21307K, committed 21504K, reserved 1114112K
  class space    used 2644K, committed 2752K, reserved 1048576K
}
Event: 2.270 GC heap after
{Heap after GC invocations=3 (full 0):
 garbage-first heap   total 129024K, used 13755K [0x0000000083600000, 0x0000000100000000)
  region size 1024K, 7 young (7168K), 7 survivors (7168K)
 Metaspace       used 21307K, committed 21504K, reserved 1114112K
  class space    used 2644K, committed 2752K, reserved 1048576K
}
Event: 2.823 GC heap before
{Heap before GC invocations=4 (full 0):
 garbage-first heap   total 51200K, used 37307K [0x0000000083600000, 0x0000000100000000)
  region size 1024K, 30 young (30720K), 7 survivors (7168K)
 Metaspace       used 25156K, committed 25536K, reserved 1114112K
  class space    used 3251K, committed 3392K, reserved 1048576K
}
Event: 2.833 GC heap after
{Heap after GC invocations=5 (full 0):
 garbage-first heap   total 51200K, used 16267K [0x0000000083600000, 0x0000000100000000)
  region size 1024K, 3 young (3072K), 3 survivors (3072K)
 Metaspace       used 25156K, committed 25536K, reserved 1114112K
  class space    used 3251K, committed 3392K, reserved 1048576K
}
Event: 2.857 GC heap before
{Heap before GC invocations=5 (full 0):
 garbage-first heap   total 51200K, used 17291K [0x0000000083600000, 0x0000000100000000)
  region size 1024K, 4 young (4096K), 3 survivors (3072K)
 Metaspace       used 25328K, committed 25728K, reserved 1114112K
  class space    used 3276K, committed 3456K, reserved 1048576K
}
Event: 2.861 GC heap after
{Heap after GC invocations=6 (full 0):
 garbage-first heap   total 51200K, used 16636K [0x0000000083600000, 0x0000000100000000)
  region size 1024K, 1 young (1024K), 1 survivors (1024K)
 Metaspace       used 25328K, committed 25728K, reserved 1114112K
  class space    used 3276K, committed 3456K, reserved 1048576K
}
Event: 3.290 GC heap before
{Heap before GC invocations=6 (full 0):
 garbage-first heap   total 51200K, used 35068K [0x0000000083600000, 0x0000000100000000)
  region size 1024K, 20 young (20480K), 1 survivors (1024K)
 Metaspace       used 29090K, committed 29504K, reserved 1114112K
  class space    used 3658K, committed 3840K, reserved 1048576K
}
Event: 3.294 GC heap after
{Heap after GC invocations=7 (full 0):
 garbage-first heap   total 81920K, used 17407K [0x0000000083600000, 0x0000000100000000)
  region size 1024K, 2 young (2048K), 2 survivors (2048K)
 Metaspace       used 29090K, committed 29504K, reserved 1114112K
  class space    used 3658K, committed 3840K, reserved 1048576K
}
Event: 3.842 GC heap before
{Heap before GC invocations=7 (full 0):
 garbage-first heap   total 81920K, used 44031K [0x0000000083600000, 0x0000000100000000)
  region size 1024K, 29 young (29696K), 2 survivors (2048K)
 Metaspace       used 35609K, committed 35968K, reserved 1114112K
  class space    used 4492K, committed 4672K, reserved 1048576K
}
Event: 3.846 GC heap after
{Heap after GC invocations=8 (full 0):
 garbage-first heap   total 81920K, used 19193K [0x0000000083600000, 0x0000000100000000)
  region size 1024K, 4 young (4096K), 4 survivors (4096K)
 Metaspace       used 35609K, committed 35968K, reserved 1114112K
  class space    used 4492K, committed 4672K, reserved 1048576K
}
Event: 4.715 GC heap before
{Heap before GC invocations=9 (full 0):
 garbage-first heap   total 71680K, used 58105K [0x0000000083600000, 0x0000000100000000)
  region size 1024K, 42 young (43008K), 4 survivors (4096K)
 Metaspace       used 44708K, committed 45120K, reserved 1114112K
  class space    used 5895K, committed 6080K, reserved 1048576K
}
Event: 4.719 GC heap after
{Heap after GC invocations=10 (full 0):
 garbage-first heap   total 71680K, used 20892K [0x0000000083600000, 0x0000000100000000)
  region size 1024K, 5 young (5120K), 5 survivors (5120K)
 Metaspace       used 44708K, committed 45120K, reserved 1114112K
  class space    used 5895K, committed 6080K, reserved 1048576K
}
Event: 5.487 GC heap before
{Heap before GC invocations=10 (full 0):
 garbage-first heap   total 71680K, used 54684K [0x0000000083600000, 0x0000000100000000)
  region size 1024K, 38 young (38912K), 5 survivors (5120K)
 Metaspace       used 54253K, committed 54784K, reserved 1114112K
  class space    used 7427K, committed 7680K, reserved 1048576K
}
Event: 5.493 GC heap after
{Heap after GC invocations=11 (full 0):
 garbage-first heap   total 71680K, used 22699K [0x0000000083600000, 0x0000000100000000)
  region size 1024K, 4 young (4096K), 4 survivors (4096K)
 Metaspace       used 54253K, committed 54784K, reserved 1114112K
  class space    used 7427K, committed 7680K, reserved 1048576K
}
Event: 6.179 GC heap before
{Heap before GC invocations=11 (full 0):
 garbage-first heap   total 71680K, used 55467K [0x0000000083600000, 0x0000000100000000)
  region size 1024K, 36 young (36864K), 4 survivors (4096K)
 Metaspace       used 59684K, committed 60160K, reserved 1114112K
  class space    used 8164K, committed 8384K, reserved 1048576K
}
Event: 6.184 GC heap after
{Heap after GC invocations=12 (full 0):
 garbage-first heap   total 71680K, used 25870K [0x0000000083600000, 0x0000000100000000)
  region size 1024K, 5 young (5120K), 5 survivors (5120K)
 Metaspace       used 59684K, committed 60160K, reserved 1114112K
  class space    used 8164K, committed 8384K, reserved 1048576K
}
Event: 6.196 GC heap before
{Heap before GC invocations=12 (full 0):
 garbage-first heap   total 71680K, used 25870K [0x0000000083600000, 0x0000000100000000)
  region size 1024K, 6 young (6144K), 5 survivors (5120K)
 Metaspace       used 59788K, committed 60288K, reserved 1114112K
  class space    used 8177K, committed 8448K, reserved 1048576K
}
Event: 6.200 GC heap after
{Heap after GC invocations=13 (full 0):
 garbage-first heap   total 71680K, used 26514K [0x0000000083600000, 0x0000000100000000)
  region size 1024K, 1 young (1024K), 1 survivors (1024K)
 Metaspace       used 59788K, committed 60288K, reserved 1114112K
  class space    used 8177K, committed 8448K, reserved 1048576K
}

