# JRE version: Java(TM) SE Runtime Environment (17.0.8+9) (build 17.0.8+9-LTS-211)
# Java VM: Java HotSpot(TM) 64-Bit Server VM (17.0.8+9-LTS-211, mixed mode, sharing, tiered, compressed oops, compressed class ptrs, g1 gc, windows-amd64)
GC Precious Log:
 CPUs: 6 total, 6 available
 Memory: 7971M
 Large Page Support: Disabled
 NUMA Support: Disabled
 Compressed Oops: Enabled (32-bit)
 Heap Region Size: 1M
 Heap Min Capacity: 8M
 Heap Initial Capacity: 126M
 Heap Max Capacity: 1994M
 Pre-touch: Disabled
 Parallel Workers: 6
 Concurrent Workers: 2
 Concurrent Refinement Workers: 6
 Periodic GC: Disabled
Heap:
 garbage-first heap   total 81920K, used 45504K [0x0000000083600000, 0x0000000100000000)
  region size 1024K, 28 young (28672K), 1 survivors (1024K)
 Metaspace       used 48751K, committed 49152K, reserved 1114112K
  class space    used 6495K, committed 6656K, reserved 1048576K
GC Heap History (20 events):
Event: 0.594 GC heap before
{Heap before GC invocations=0 (full 0):
 garbage-first heap   total 129024K, used 21504K [0x0000000083600000, 0x0000000100000000)
  region size 1024K, 21 young (21504K), 0 survivors (0K)
 Metaspace       used 4661K, committed 4864K, reserved 1114112K
  class space    used 530K, committed 640K, reserved 1048576K
}
Event: 0.597 GC heap after
{Heap after GC invocations=1 (full 0):
 garbage-first heap   total 129024K, used 6509K [0x0000000083600000, 0x0000000100000000)
  region size 1024K, 3 young (3072K), 3 survivors (3072K)
 Metaspace       used 4661K, committed 4864K, reserved 1114112K
  class space    used 530K, committed 640K, reserved 1048576K
}
Event: 1.024 GC heap before
{Heap before GC invocations=1 (full 0):
 garbage-first heap   total 129024K, used 30061K [0x0000000083600000, 0x0000000100000000)
  region size 1024K, 26 young (26624K), 3 survivors (3072K)
 Metaspace       used 10704K, committed 10944K, reserved 1114112K
  class space    used 1293K, committed 1408K, reserved 1048576K
}
Event: 1.028 GC heap after
{Heap after GC invocations=2 (full 0):
 garbage-first heap   total 129024K, used 8486K [0x0000000083600000, 0x0000000100000000)
  region size 1024K, 2 young (2048K), 2 survivors (2048K)
 Metaspace       used 10704K, committed 10944K, reserved 1114112K
  class space    used 1293K, committed 1408K, reserved 1048576K
}
Event: 2.111 GC heap before
{Heap before GC invocations=2 (full 0):
 garbage-first heap   total 129024K, used 70950K [0x0000000083600000, 0x0000000100000000)
  region size 1024K, 64 young (65536K), 2 survivors (2048K)
 Metaspace       used 21287K, committed 21504K, reserved 1114112K
  class space    used 2642K, committed 2752K, reserved 1048576K
}
Event: 2.117 GC heap after
{Heap after GC invocations=3 (full 0):
 garbage-first heap   total 129024K, used 13811K [0x0000000083600000, 0x0000000100000000)
  region size 1024K, 7 young (7168K), 7 survivors (7168K)
 Metaspace       used 21287K, committed 21504K, reserved 1114112K
  class space    used 2642K, committed 2752K, reserved 1048576K
}
Event: 2.673 GC heap before
{Heap before GC invocations=4 (full 0):
 garbage-first heap   total 51200K, used 37363K [0x0000000083600000, 0x0000000100000000)
  region size 1024K, 30 young (30720K), 7 survivors (7168K)
 Metaspace       used 25151K, committed 25472K, reserved 1114112K
  class space    used 3248K, committed 3392K, reserved 1048576K
}
Event: 2.681 GC heap after
{Heap after GC invocations=5 (full 0):
 garbage-first heap   total 51200K, used 16231K [0x0000000083600000, 0x0000000100000000)
  region size 1024K, 3 young (3072K), 3 survivors (3072K)
 Metaspace       used 25151K, committed 25472K, reserved 1114112K
  class space    used 3248K, committed 3392K, reserved 1048576K
}
Event: 2.700 GC heap before
{Heap before GC invocations=5 (full 0):
 garbage-first heap   total 51200K, used 16231K [0x0000000083600000, 0x0000000100000000)
  region size 1024K, 4 young (4096K), 3 survivors (3072K)
 Metaspace       used 25211K, committed 25536K, reserved 1114112K
  class space    used 3255K, committed 3392K, reserved 1048576K
}
Event: 2.704 GC heap after
{Heap after GC invocations=6 (full 0):
 garbage-first heap   total 51200K, used 16423K [0x0000000083600000, 0x0000000100000000)
  region size 1024K, 1 young (1024K), 1 survivors (1024K)
 Metaspace       used 25211K, committed 25536K, reserved 1114112K
  class space    used 3255K, committed 3392K, reserved 1048576K
}
Event: 3.107 GC heap before
{Heap before GC invocations=6 (full 0):
 garbage-first heap   total 51200K, used 35879K [0x0000000083600000, 0x0000000100000000)
  region size 1024K, 20 young (20480K), 1 survivors (1024K)
 Metaspace       used 28993K, committed 29440K, reserved 1114112K
  class space    used 3639K, committed 3840K, reserved 1048576K
}
Event: 3.109 GC heap after
{Heap after GC invocations=7 (full 0):
 garbage-first heap   total 51200K, used 17421K [0x0000000083600000, 0x0000000100000000)
  region size 1024K, 2 young (2048K), 2 survivors (2048K)
 Metaspace       used 28993K, committed 29440K, reserved 1114112K
  class space    used 3639K, committed 3840K, reserved 1048576K
}
Event: 3.485 GC heap before
{Heap before GC invocations=7 (full 0):
 garbage-first heap   total 51200K, used 36877K [0x0000000083600000, 0x0000000100000000)
  region size 1024K, 21 young (21504K), 2 survivors (2048K)
 Metaspace       used 34107K, committed 34560K, reserved 1114112K
  class space    used 4262K, committed 4480K, reserved 1048576K
}
Event: 3.488 GC heap after
{Heap after GC invocations=8 (full 0):
 garbage-first heap   total 51200K, used 18811K [0x0000000083600000, 0x0000000100000000)
  region size 1024K, 3 young (3072K), 3 survivors (3072K)
 Metaspace       used 34107K, committed 34560K, reserved 1114112K
  class space    used 4262K, committed 4480K, reserved 1048576K
}
Event: 3.627 GC heap before
{Heap before GC invocations=8 (full 0):
 garbage-first heap   total 51200K, used 24955K [0x0000000083600000, 0x0000000100000000)
  region size 1024K, 10 young (10240K), 3 survivors (3072K)
 Metaspace       used 35595K, committed 35968K, reserved 1114112K
  class space    used 4486K, committed 4672K, reserved 1048576K
}
Event: 3.631 GC heap after
{Heap after GC invocations=9 (full 0):
 garbage-first heap   total 51200K, used 19110K [0x0000000083600000, 0x0000000100000000)
  region size 1024K, 2 young (2048K), 2 survivors (2048K)
 Metaspace       used 35595K, committed 35968K, reserved 1114112K
  class space    used 4486K, committed 4672K, reserved 1048576K
}
Event: 4.036 GC heap before
{Heap before GC invocations=10 (full 0):
 garbage-first heap   total 51200K, used 38566K [0x0000000083600000, 0x0000000100000000)
  region size 1024K, 21 young (21504K), 2 survivors (2048K)
 Metaspace       used 40230K, committed 40640K, reserved 1114112K
  class space    used 5277K, committed 5440K, reserved 1048576K
}
Event: 4.038 GC heap after
{Heap after GC invocations=11 (full 0):
 garbage-first heap   total 81920K, used 20102K [0x0000000083600000, 0x0000000100000000)
  region size 1024K, 2 young (2048K), 2 survivors (2048K)
 Metaspace       used 40230K, committed 40640K, reserved 1114112K
  class space    used 5277K, committed 5440K, reserved 1048576K
}
Event: 4.078 GC heap before
{Heap before GC invocations=11 (full 0):
 garbage-first heap   total 81920K, used 22150K [0x0000000083600000, 0x0000000100000000)
  region size 1024K, 4 young (4096K), 2 survivors (2048K)
 Metaspace       used 40786K, committed 41216K, reserved 1114112K
  class space    used 5356K, committed 5568K, reserved 1048576K
}
Event: 4.080 GC heap after
{Heap after GC invocations=12 (full 0):
 garbage-first heap   total 81920K, used 19904K [0x0000000083600000, 0x0000000100000000)
  region size 1024K, 1 young (1024K), 1 survivors (1024K)
 Metaspace       used 40786K, committed 41216K, reserved 1114112K
  class space    used 5356K, committed 5568K, reserved 1048576K
}

